# JRE version: OpenJDK Runtime Environment GraalVM CE 22.3.0 (17.0.5+8) (build 17.0.5+8-jvmci-22.3-b08)
# Java VM: OpenJDK 64-Bit Server VM GraalVM CE 22.3.0 (17.0.5+8-jvmci-22.3-b08, mixed mode, sharing, tiered, jvmci, jvmci compiler, compressed oops, compressed class ptrs, parallel gc, linux-amd64)
GC Precious Log:
 CPUs: 8 total, 1 available
 Memory: 1024M
 Large Page Support: Disabled
 NUMA Support: Disabled
 Compressed Oops: Enabled (32-bit)
 Alignments: Space 512K, Generation 512K, Heap 2M
 Heap Min Capacity: 100M
 Heap Initial Capacity: 100M
 Heap Max Capacity: 512M
 Pre-touch: Disabled
 Parallel Workers: 1
Heap:
 PSYoungGen      total 27136K, used 20480K [0x00000000f5580000, 0x00000000f7a00000, 0x0000000100000000)
  eden space 20480K, 100% used [0x00000000f5580000,0x00000000f6980000,0x00000000f6980000)
  from space 6656K, 0% used [0x00000000f7380000,0x00000000f7380000,0x00000000f7a00000)
  to   space 8192K, 0% used [0x00000000f6980000,0x00000000f6980000,0x00000000f7180000)
 ParOldGen       total 349696K, used 349695K [0x00000000e0000000, 0x00000000f5580000, 0x00000000f5580000)
  object space 349696K, 99% used [0x00000000e0000000,0x00000000f557fff0,0x00000000f5580000)
 Metaspace       used 60503K, committed 61632K, reserved 1105920K
  class space    used 5966K, committed 6336K, reserved 1048576K
GC Heap History (20 events):
Event: 1264.130 GC heap before
{Heap before GC invocations=754 (full 654):
 PSYoungGen      total 27136K, used 20480K [0x00000000f5580000, 0x00000000f7a00000, 0x0000000100000000)
  eden space 20480K, 100% used [0x00000000f5580000,0x00000000f6980000,0x00000000f6980000)
  from space 6656K, 0% used [0x00000000f7380000,0x00000000f7380000,0x00000000f7a00000)
  to   space 8192K, 0% used [0x00000000f6980000,0x00000000f6980000,0x00000000f7180000)
 ParOldGen       total 349696K, used 349695K [0x00000000e0000000, 0x00000000f5580000, 0x00000000f5580000)
  object space 349696K, 99% used [0x00000000e0000000,0x00000000f557fff8,0x00000000f5580000)
 Metaspace       used 60503K, committed 61632K, reserved 1105920K
  class space    used 5966K, committed 6336K, reserved 1048576K
}
Event: 1265.728 GC heap after
{Heap after GC invocations=754 (full 654):
 PSYoungGen      total 28672K, used 20480K [0x00000000f5580000, 0x00000000f7a00000, 0x0000000100000000)
  eden space 20480K, 100% used [0x00000000f5580000,0x00000000f6980000,0x00000000f6980000)
  from space 8192K, 0% used [0x00000000f6980000,0x00000000f6980000,0x00000000f7180000)
  to   space 6656K, 0% used [0x00000000f7380000,0x00000000f7380000,0x00000000f7a00000)
 ParOldGen       total 349696K, used 349694K [0x00000000e0000000, 0x00000000f5580000, 0x00000000f5580000)
  object space 349696K, 99% used [0x00000000e0000000,0x00000000f557fa58,0x00000000f5580000)
 Metaspace       used 60503K, committed 61632K, reserved 1105920K
  class space    used 5966K, committed 6336K, reserved 1048576K
}
Event: 1265.728 GC heap before
{Heap before GC invocations=755 (full 655):
 PSYoungGen      total 28672K, used 20480K [0x00000000f5580000, 0x00000000f7a00000, 0x0000000100000000)
  eden space 20480K, 100% used [0x00000000f5580000,0x00000000f6980000,0x00000000f6980000)
  from space 8192K, 0% used [0x00000000f6980000,0x00000000f6980000,0x00000000f7180000)
  to   space 6656K, 0% used [0x00000000f7380000,0x00000000f7380000,0x00000000f7a00000)
 ParOldGen       total 349696K, used 349695K [0x00000000e0000000, 0x00000000f5580000, 0x00000000f5580000)
  object space 349696K, 99% used [0x00000000e0000000,0x00000000f557fef8,0x00000000f5580000)
 Metaspace       used 60503K, committed 61632K, reserved 1105920K
  class space    used 5966K, committed 6336K, reserved 1048576K
}
Event: 1267.164 GC heap after
{Heap after GC invocations=755 (full 655):
 PSYoungGen      total 27136K, used 20479K [0x00000000f5580000, 0x00000000f7a00000, 0x0000000100000000)
  eden space 20480K, 99% used [0x00000000f5580000,0x00000000f697ffd0,0x00000000f6980000)
  from space 6656K, 0% used [0x00000000f7380000,0x00000000f7380000,0x00000000f7a00000)
  to   space 8192K, 0% used [0x00000000f6980000,0x00000000f6980000,0x00000000f7180000)
 ParOldGen       total 349696K, used 349694K [0x00000000e0000000, 0x00000000f5580000, 0x00000000f5580000)
  object space 349696K, 99% used [0x00000000e0000000,0x00000000f557fba8,0x00000000f5580000)
 Metaspace       used 60503K, committed 61632K, reserved 1105920K
  class space    used 5966K, committed 6336K, reserved 1048576K
}
Event: 1267.164 GC heap before
{Heap before GC invocations=756 (full 656):
 PSYoungGen      total 27136K, used 20479K [0x00000000f5580000, 0x00000000f7a00000, 0x0000000100000000)
  eden space 20480K, 99% used [0x00000000f5580000,0x00000000f697fff8,0x00000000f6980000)
  from space 6656K, 0% used [0x00000000f7380000,0x00000000f7380000,0x00000000f7a00000)
  to   space 8192K, 0% used [0x00000000f6980000,0x00000000f6980000,0x00000000f7180000)
 ParOldGen       total 349696K, used 349694K [0x00000000e0000000, 0x00000000f5580000, 0x00000000f5580000)
  object space 349696K, 99% used [0x00000000e0000000,0x00000000f557fba8,0x00000000f5580000)
 Metaspace       used 60503K, committed 61632K, reserved 1105920K
  class space    used 5966K, committed 6336K, reserved 1048576K
}
Event: 1268.651 GC heap after
{Heap after GC invocations=756 (full 656):
 PSYoungGen      total 28672K, used 20479K [0x00000000f5580000, 0x00000000f7a00000, 0x0000000100000000)
  eden space 20480K, 99% used [0x00000000f5580000,0x00000000f697ffe8,0x00000000f6980000)
  from space 8192K, 0% used [0x00000000f6980000,0x00000000f6980000,0x00000000f7180000)
  to   space 6656K, 0% used [0x00000000f7380000,0x00000000f7380000,0x00000000f7a00000)
 ParOldGen       total 349696K, used 349694K [0x00000000e0000000, 0x00000000f5580000, 0x00000000f5580000)
  object space 349696K, 99% used [0x00000000e0000000,0x00000000f557fba8,0x00000000f5580000)
 Metaspace       used 60503K, committed 61632K, reserved 1105920K
  class space    used 5966K, committed 6336K, reserved 1048576K
}
Event: 1268.651 GC heap before
{Heap before GC invocations=757 (full 657):
 PSYoungGen      total 28672K, used 20480K [0x00000000f5580000, 0x00000000f7a00000, 0x0000000100000000)
  eden space 20480K, 100% used [0x00000000f5580000,0x00000000f6980000,0x00000000f6980000)
  from space 8192K, 0% used [0x00000000f6980000,0x00000000f6980000,0x00000000f7180000)
  to   space 6656K, 0% used [0x00000000f7380000,0x00000000f7380000,0x00000000f7a00000)
 ParOldGen       total 349696K, used 349694K [0x00000000e0000000, 0x00000000f5580000, 0x00000000f5580000)
  object space 349696K, 99% used [0x00000000e0000000,0x00000000f557fba8,0x00000000f5580000)
 Metaspace       used 60503K, committed 61632K, reserved 1105920K
  class space    used 5966K, committed 6336K, reserved 1048576K
}
Event: 1270.274 GC heap after
{Heap after GC invocations=757 (full 657):
 PSYoungGen      total 27136K, used 20480K [0x00000000f5580000, 0x00000000f7a00000, 0x0000000100000000)
  eden space 20480K, 100% used [0x00000000f5580000,0x00000000f6980000,0x00000000f6980000)
  from space 6656K, 0% used [0x00000000f7380000,0x00000000f7380000,0x00000000f7a00000)
  to   space 8192K, 0% used [0x00000000f6980000,0x00000000f6980000,0x00000000f7180000)
 ParOldGen       total 349696K, used 349694K [0x00000000e0000000, 0x00000000f5580000, 0x00000000f5580000)
  object space 349696K, 99% used [0x00000000e0000000,0x00000000f557fba8,0x00000000f5580000)
 Metaspace       used 60503K, committed 61632K, reserved 1105920K
  class space    used 5966K, committed 6336K, reserved 1048576K
}
Event: 1270.274 GC heap before
{Heap before GC invocations=758 (full 658):
 PSYoungGen      total 27136K, used 20480K [0x00000000f5580000, 0x00000000f7a00000, 0x0000000100000000)
  eden space 20480K, 100% used [0x00000000f5580000,0x00000000f6980000,0x00000000f6980000)
  from space 6656K, 0% used [0x00000000f7380000,0x00000000f7380000,0x00000000f7a00000)
  to   space 8192K, 0% used [0x00000000f6980000,0x00000000f6980000,0x00000000f7180000)
 ParOldGen       total 349696K, used 349694K [0x00000000e0000000, 0x00000000f5580000, 0x00000000f5580000)
  object space 349696K, 99% used [0x00000000e0000000,0x00000000f557fba8,0x00000000f5580000)
 Metaspace       used 60503K, committed 61632K, reserved 1105920K
  class space    used 5966K, committed 6336K, reserved 1048576K
}
Event: 1271.855 GC heap after
{Heap after GC invocations=758 (full 658):
 PSYoungGen      total 28672K, used 20480K [0x00000000f5580000, 0x00000000f7a00000, 0x0000000100000000)
  eden space 20480K, 100% used [0x00000000f5580000,0x00000000f6980000,0x00000000f6980000)
  from space 8192K, 0% used [0x00000000f6980000,0x00000000f6980000,0x00000000f7180000)
  to   space 6656K, 0% used [0x00000000f7380000,0x00000000f7380000,0x00000000f7a00000)
 ParOldGen       total 349696K, used 349694K [0x00000000e0000000, 0x00000000f5580000, 0x00000000f5580000)
  object space 349696K, 99% used [0x00000000e0000000,0x00000000f557fba8,0x00000000f5580000)
 Metaspace       used 60503K, committed 61632K, reserved 1105920K
  class space    used 5966K, committed 6336K, reserved 1048576K
}
Event: 1271.856 GC heap before
{Heap before GC invocations=759 (full 659):
 PSYoungGen      total 28672K, used 20480K [0x00000000f5580000, 0x00000000f7a00000, 0x0000000100000000)
  eden space 20480K, 100% used [0x00000000f5580000,0x00000000f6980000,0x00000000f6980000)
  from space 8192K, 0% used [0x00000000f6980000,0x00000000f6980000,0x00000000f7180000)
  to   space 6656K, 0% used [0x00000000f7380000,0x00000000f7380000,0x00000000f7a00000)
 ParOldGen       total 349696K, used 349695K [0x00000000e0000000, 0x00000000f5580000, 0x00000000f5580000)
  object space 349696K, 99% used [0x00000000e0000000,0x00000000f557ffe8,0x00000000f5580000)
 Metaspace       used 60503K, committed 61632K, reserved 1105920K
  class space    used 5966K, committed 6336K, reserved 1048576K
}
Event: 1273.632 GC heap after
{Heap after GC invocations=759 (full 659):
 PSYoungGen      total 27136K, used 20479K [0x00000000f5580000, 0x00000000f7a00000, 0x0000000100000000)
  eden space 20480K, 99% used [0x00000000f5580000,0x00000000f697ff40,0x00000000f6980000)
  from space 6656K, 0% used [0x00000000f7380000,0x00000000f7380000,0x00000000f7a00000)
  to   space 8192K, 0% used [0x00000000f6980000,0x00000000f6980000,0x00000000f7180000)
 ParOldGen       total 349696K, used 349694K [0x00000000e0000000, 0x00000000f5580000, 0x00000000f5580000)
  object space 349696K, 99% used [0x00000000e0000000,0x00000000f557f9c8,0x00000000f5580000)
 Metaspace       used 60503K, committed 61632K, reserved 1105920K
  class space    used 5966K, committed 6336K, reserved 1048576K
}
Event: 1273.633 GC heap before
{Heap before GC invocations=760 (full 660):
 PSYoungGen      total 27136K, used 20480K [0x00000000f5580000, 0x00000000f7a00000, 0x0000000100000000)
  eden space 20480K, 100% used [0x00000000f5580000,0x00000000f6980000,0x00000000f6980000)
  from space 6656K, 0% used [0x00000000f7380000,0x00000000f7380000,0x00000000f7a00000)
  to   space 8192K, 0% used [0x00000000f6980000,0x00000000f6980000,0x00000000f7180000)
 ParOldGen       total 349696K, used 349694K [0x00000000e0000000, 0x00000000f5580000, 0x00000000f5580000)
  object space 349696K, 99% used [0x00000000e0000000,0x00000000f557f9c8,0x00000000f5580000)
 Metaspace       used 60503K, committed 61632K, reserved 1105920K
  class space    used 5966K, committed 6336K, reserved 1048576K
}
Event: 1275.531 GC heap after
{Heap after GC invocations=760 (full 660):
 PSYoungGen      total 28672K, used 20479K [0x00000000f5580000, 0x00000000f7a00000, 0x0000000100000000)
  eden space 20480K, 99% used [0x00000000f5580000,0x00000000f697ffe8,0x00000000f6980000)
  from space 8192K, 0% used [0x00000000f6980000,0x00000000f6980000,0x00000000f7180000)
  to   space 6656K, 0% used [0x00000000f7380000,0x00000000f7380000,0x00000000f7a00000)
 ParOldGen       total 349696K, used 349694K [0x00000000e0000000, 0x00000000f5580000, 0x00000000f5580000)
  object space 349696K, 99% used [0x00000000e0000000,0x00000000f557f9b0,0x00000000f5580000)
 Metaspace       used 60503K, committed 61632K, reserved 1105920K
  class space    used 5966K, committed 6336K, reserved 1048576K
}
Event: 1275.532 GC heap before
{Heap before GC invocations=761 (full 661):
 PSYoungGen      total 28672K, used 20480K [0x00000000f5580000, 0x00000000f7a00000, 0x0000000100000000)
  eden space 20480K, 100% used [0x00000000f5580000,0x00000000f6980000,0x00000000f6980000)
  from space 8192K, 0% used [0x00000000f6980000,0x00000000f6980000,0x00000000f7180000)
  to   space 6656K, 0% used [0x00000000f7380000,0x00000000f7380000,0x00000000f7a00000)
 ParOldGen       total 349696K, used 349694K [0x00000000e0000000, 0x00000000f5580000, 0x00000000f5580000)
  object space 349696K, 99% used [0x00000000e0000000,0x00000000f557f9b0,0x00000000f5580000)
 Metaspace       used 60503K, committed 61632K, reserved 1105920K
  class space    used 5966K, committed 6336K, reserved 1048576K
}
Event: 1277.141 GC heap after
{Heap after GC invocations=761 (full 661):
 PSYoungGen      total 27136K, used 20480K [0x00000000f5580000, 0x00000000f7a00000, 0x0000000100000000)
  eden space 20480K, 100% used [0x00000000f5580000,0x00000000f6980000,0x00000000f6980000)
  from space 6656K, 0% used [0x00000000f7380000,0x00000000f7380000,0x00000000f7a00000)
  to   space 8192K, 0% used [0x00000000f6980000,0x00000000f6980000,0x00000000f7180000)
 ParOldGen       total 349696K, used 349694K [0x00000000e0000000, 0x00000000f5580000, 0x00000000f5580000)
  object space 349696K, 99% used [0x00000000e0000000,0x00000000f557f9b0,0x00000000f5580000)
 Metaspace       used 60503K, committed 61632K, reserved 1105920K
  class space    used 5966K, committed 6336K, reserved 1048576K
}
Event: 1277.141 GC heap before
{Heap before GC invocations=762 (full 662):
 PSYoungGen      total 27136K, used 20480K [0x00000000f5580000, 0x00000000f7a00000, 0x0000000100000000)
  eden space 20480K, 100% used [0x00000000f5580000,0x00000000f6980000,0x00000000f6980000)
  from space 6656K, 0% used [0x00000000f7380000,0x00000000f7380000,0x00000000f7a00000)
  to   space 8192K, 0% used [0x00000000f6980000,0x00000000f6980000,0x00000000f7180000)
 ParOldGen       total 349696K, used 349694K [0x00000000e0000000, 0x00000000f5580000, 0x00000000f5580000)
  object space 349696K, 99% used [0x00000000e0000000,0x00000000f557f9c8,0x00000000f5580000)
 Metaspace       used 60503K, committed 61632K, reserved 1105920K
  class space    used 5966K, committed 6336K, reserved 1048576K
}
Event: 1278.759 GC heap after
{Heap after GC invocations=762 (full 662):
 PSYoungGen      total 28672K, used 20480K [0x00000000f5580000, 0x00000000f7a00000, 0x0000000100000000)
  eden space 20480K, 100% used [0x00000000f5580000,0x00000000f6980000,0x00000000f6980000)
  from space 8192K, 0% used [0x00000000f6980000,0x00000000f6980000,0x00000000f7180000)
  to   space 6656K, 0% used [0x00000000f7380000,0x00000000f7380000,0x00000000f7a00000)
 ParOldGen       total 349696K, used 349694K [0x00000000e0000000, 0x00000000f5580000, 0x00000000f5580000)
  object space 349696K, 99% used [0x00000000e0000000,0x00000000f557f9c8,0x00000000f5580000)
 Metaspace       used 60503K, committed 61632K, reserved 1105920K
  class space    used 5966K, committed 6336K, reserved 1048576K
}
Event: 1278.759 GC heap before
{Heap before GC invocations=763 (full 663):
 PSYoungGen      total 28672K, used 20480K [0x00000000f5580000, 0x00000000f7a00000, 0x0000000100000000)
  eden space 20480K, 100% used [0x00000000f5580000,0x00000000f6980000,0x00000000f6980000)
  from space 8192K, 0% used [0x00000000f6980000,0x00000000f6980000,0x00000000f7180000)
  to   space 6656K, 0% used [0x00000000f7380000,0x00000000f7380000,0x00000000f7a00000)
 ParOldGen       total 349696K, used 349694K [0x00000000e0000000, 0x00000000f5580000, 0x00000000f5580000)
  object space 349696K, 99% used [0x00000000e0000000,0x00000000f557f9c8,0x00000000f5580000)
 Metaspace       used 60503K, committed 61632K, reserved 1105920K
  class space    used 5966K, committed 6336K, reserved 1048576K
}
Event: 1280.272 GC heap after
{Heap after GC invocations=763 (full 663):
 PSYoungGen      total 27136K, used 20480K [0x00000000f5580000, 0x00000000f7a00000, 0x0000000100000000)
  eden space 20480K, 100% used [0x00000000f5580000,0x00000000f6980000,0x00000000f6980000)
  from space 6656K, 0% used [0x00000000f7380000,0x00000000f7380000,0x00000000f7a00000)
  to   space 8192K, 0% used [0x00000000f6980000,0x00000000f6980000,0x00000000f7180000)
 ParOldGen       total 349696K, used 349694K [0x00000000e0000000, 0x00000000f5580000, 0x00000000f5580000)
  object space 349696K, 99% used [0x00000000e0000000,0x00000000f557f9c8,0x00000000f5580000)
 Metaspace       used 60503K, committed 61632K, reserved 1105920K
  class space    used 5966K, committed 6336K, reserved 1048576K
}

