-------------------------------------------------------------------------------
Test set: CentralLimitOrderBookTest
-------------------------------------------------------------------------------
Tests run: 1, Failures: 1, Errors: 0, Skipped: 0, Time elapsed: 0.903 s <<< FAILURE! - in CentralLimitOrderBookTest
CentralLimitOrderBookTest.givenBuyOrders_whenAddedToOrderBook_thenShouldMatchOrdersInPriceTimePriority  Time elapsed: 0.698 s  <<< FAILURE!
org.opentest4j.AssertionFailedError: expected: <1> but was: <2>
	at CentralLimitOrderBookTest.givenBuyOrders_whenAddedToOrderBook_thenShouldMatchOrdersInPriceTimePriority(CentralLimitOrderBookTest.java:23)

