<?xml version="1.0" encoding="UTF-8"?>
<testsuite xmlns:xsi="http://www.w3.org/2001/XMLSchema-instance" xsi:noNamespaceSchemaLocation="https://maven.apache.org/surefire/maven-surefire-plugin/xsd/surefire-test-report-3.0.xsd" version="3.0" name="wiki.misie.CentralLimitOrderBookTest" time="0.611" tests="4" errors="0" skipped="0" failures="0">
  <properties>
[...]
</properties>
  <testcase name="givenAggressiveSellOrder_whenAddedToOrderBook_thenShouldMatchBuyOrdersInPriceTimePriority" classname="wiki.misie.CentralLimitOrderBookTest" time="0.353">
    <system-out><![CDATA[Running test: givenAggressiveSellOrder_whenAddedToOrderBook_thenShouldMatchBuyOrdersInPriceTimePriority()
trade 5,1,95.0,1000
trade 5,3,95.0,500
trade 5,2,95.0,500
2,B,98,700
4,S,101,2000
]]></system-out>
  </testcase>
  <testcase name="givenBuyAndSellOrders_whenAddedToOrderBook_thenShouldNotMatchOrders" classname="wiki.misie.CentralLimitOrderBookTest" time="0.009">
    <system-out><![CDATA[Running test: givenBuyAndSellOrders_whenAddedToOrderBook_thenShouldNotMatchOrders()
1,B,99,1000
3,B,99,500
2,B,98,1200
4,S,101,2000
]]></system-out>
  </testcase>
  <testcase name="givenOrdersWithNoMatch_whenAddedToOrderBook_thenShouldNotMatchOrders" classname="wiki.misie.CentralLimitOrderBookTest" time="0.014">
    <system-out><![CDATA[Running test: givenOrdersWithNoMatch_whenAddedToOrderBook_thenShouldNotMatchOrders()
4,B,99,50000
1,B,98,25500
2,S,100,500
3,S,100,10000
5,S,103,100
6,S,105,20000
]]></system-out>
  </testcase>
  <testcase name="givenBuyOrders_whenAddedToOrderBook_thenShouldMatchOrdersInPriceTimePriority" classname="wiki.misie.CentralLimitOrderBookTest" time="0.012">
    <system-out><![CDATA[Running test: givenBuyOrders_whenAddedToOrderBook_thenShouldMatchOrdersInPriceTimePriority()
1,B,99,1000
3,B,99,500
2,B,98,1200
]]></system-out>
  </testcase>
</testsuite>